2019-04-28 00:01:28.451  INFO 987 --- [Thread-231] o.s.s.concurrent.ThreadPoolTaskExecutor  : Shutting down ExecutorService 'applicationTaskExecutor'
2019-04-28 00:01:28.460  INFO 987 --- [Thread-231] com.alibaba.druid.pool.DruidDataSource   : {dataSource-37} closed
2019-04-28 00:01:28.602  INFO 987 --- [restartedMain] azstudio.top.Application                 : Starting Application on lizhenyudeMacBook-Pro.local with PID 987 (/Users/lizhenyu/work_code/idea_code/SimpleTask/target/classes started by lizhenyu in /Users/lizhenyu/work_code/idea_code/SimpleTask)
2019-04-28 00:01:28.602  INFO 987 --- [restartedMain] azstudio.top.Application                 : No active profile set, falling back to default profiles: default
2019-04-28 00:01:28.739  INFO 987 --- [restartedMain] o.s.b.w.embedded.tomcat.TomcatWebServer  : Tomcat initialized with port(s): 8081 (http)
2019-04-28 00:01:28.740  INFO 987 --- [restartedMain] o.apache.catalina.core.StandardService   : Starting service [Tomcat]
2019-04-28 00:01:28.740  INFO 987 --- [restartedMain] org.apache.catalina.core.StandardEngine  : Starting Servlet Engine: Apache Tomcat/9.0.13
2019-04-28 00:01:28.745  INFO 987 --- [restartedMain] o.a.c.c.C.[Tomcat-5].[localhost].[/]     : Initializing Spring embedded WebApplicationContext
2019-04-28 00:01:28.745  INFO 987 --- [restartedMain] o.s.web.context.ContextLoader            : Root WebApplicationContext: initialization completed in 142 ms
2019-04-28 00:01:28.754  INFO 987 --- [restartedMain] o.s.boot.web.servlet.RegistrationBean    : Servlet statViewServlet was not registered (possibly already registered?)
2019-04-28 00:01:28.754  INFO 987 --- [restartedMain] o.s.boot.web.servlet.RegistrationBean    : Filter webStatFilter was not registered (possibly already registered?)
2019-04-28 00:01:28.784  INFO 987 --- [restartedMain] com.alibaba.druid.pool.DruidDataSource   : {dataSource-38} inited
2019-04-28 00:01:28.821  INFO 987 --- [restartedMain] o.s.s.concurrent.ThreadPoolTaskExecutor  : Initializing ExecutorService 'applicationTaskExecutor'
2019-04-28 00:01:28.849  INFO 987 --- [restartedMain] o.s.b.d.a.OptionalLiveReloadServer       : LiveReload server is running on port 35729
2019-04-28 00:01:28.859  INFO 987 --- [restartedMain] o.s.b.w.embedded.tomcat.TomcatWebServer  : Tomcat started on port(s): 8081 (http) with context path ''
2019-04-28 00:01:28.860  INFO 987 --- [restartedMain] azstudio.top.Application                 : Started Application in 0.274 seconds (JVM running for 5950.479)
2019-04-28 00:01:28.861  INFO 987 --- [restartedMain] .ConditionEvaluationDeltaLoggingListener : Condition evaluation unchanged
2019-04-28 00:01:31.891  INFO 987 --- [http-nio-8081-exec-4] o.a.c.c.C.[Tomcat-5].[localhost].[/]     : Initializing Spring DispatcherServlet 'dispatcherServlet'
2019-04-28 00:01:31.892  INFO 987 --- [http-nio-8081-exec-4] o.s.web.servlet.DispatcherServlet        : Initializing Servlet 'dispatcherServlet'
2019-04-28 00:01:31.894  INFO 987 --- [http-nio-8081-exec-4] o.s.web.servlet.DispatcherServlet        : Completed initialization in 2 ms
2019-04-28 00:08:25.820  INFO 987 --- [Thread-237] o.s.s.concurrent.ThreadPoolTaskExecutor  : Shutting down ExecutorService 'applicationTaskExecutor'
2019-04-28 00:08:25.824  INFO 987 --- [Thread-237] com.alibaba.druid.pool.DruidDataSource   : {dataSource-38} closed
2019-04-28 00:08:25.978  INFO 987 --- [restartedMain] azstudio.top.Application                 : Starting Application on lizhenyudeMacBook-Pro.local with PID 987 (/Users/lizhenyu/work_code/idea_code/SimpleTask/target/classes started by lizhenyu in /Users/lizhenyu/work_code/idea_code/SimpleTask)
2019-04-28 00:08:25.978  INFO 987 --- [restartedMain] azstudio.top.Application                 : No active profile set, falling back to default profiles: default
2019-04-28 00:08:26.139  INFO 987 --- [restartedMain] o.s.b.w.embedded.tomcat.TomcatWebServer  : Tomcat initialized with port(s): 8081 (http)
2019-04-28 00:08:26.139  INFO 987 --- [restartedMain] o.apache.catalina.core.StandardService   : Starting service [Tomcat]
2019-04-28 00:08:26.139  INFO 987 --- [restartedMain] org.apache.catalina.core.StandardEngine  : Starting Servlet Engine: Apache Tomcat/9.0.13
2019-04-28 00:08:26.144  INFO 987 --- [restartedMain] o.a.c.c.C.[Tomcat-5].[localhost].[/]     : Initializing Spring embedded WebApplicationContext
2019-04-28 00:08:26.144  INFO 987 --- [restartedMain] o.s.web.context.ContextLoader            : Root WebApplicationContext: initialization completed in 165 ms
2019-04-28 00:08:26.153  INFO 987 --- [restartedMain] o.s.boot.web.servlet.RegistrationBean    : Servlet statViewServlet was not registered (possibly already registered?)
2019-04-28 00:08:26.154  INFO 987 --- [restartedMain] o.s.boot.web.servlet.RegistrationBean    : Filter webStatFilter was not registered (possibly already registered?)
2019-04-28 00:08:26.189  INFO 987 --- [restartedMain] com.alibaba.druid.pool.DruidDataSource   : {dataSource-39} inited
2019-04-28 00:08:26.267  INFO 987 --- [restartedMain] o.s.s.concurrent.ThreadPoolTaskExecutor  : Initializing ExecutorService 'applicationTaskExecutor'
2019-04-28 00:08:26.342  INFO 987 --- [restartedMain] o.s.b.d.a.OptionalLiveReloadServer       : LiveReload server is running on port 35729
2019-04-28 00:08:26.360  INFO 987 --- [restartedMain] o.s.b.w.embedded.tomcat.TomcatWebServer  : Tomcat started on port(s): 8081 (http) with context path ''
2019-04-28 00:08:26.361  INFO 987 --- [restartedMain] azstudio.top.Application                 : Started Application in 0.4 seconds (JVM running for 6367.959)
2019-04-28 00:08:26.363  INFO 987 --- [restartedMain] .ConditionEvaluationDeltaLoggingListener : Condition evaluation unchanged
2019-04-28 00:10:36.175  INFO 987 --- [Thread-243] o.s.s.concurrent.ThreadPoolTaskExecutor  : Shutting down ExecutorService 'applicationTaskExecutor'
2019-04-28 00:10:36.177  INFO 987 --- [Thread-243] com.alibaba.druid.pool.DruidDataSource   : {dataSource-39} closed
2019-04-28 00:10:36.328  INFO 987 --- [restartedMain] azstudio.top.Application                 : Starting Application on lizhenyudeMacBook-Pro.local with PID 987 (/Users/lizhenyu/work_code/idea_code/SimpleTask/target/classes started by lizhenyu in /Users/lizhenyu/work_code/idea_code/SimpleTask)
2019-04-28 00:10:36.328  INFO 987 --- [restartedMain] azstudio.top.Application                 : No active profile set, falling back to default profiles: default
2019-04-28 00:10:36.551  INFO 987 --- [restartedMain] o.s.b.w.embedded.tomcat.TomcatWebServer  : Tomcat initialized with port(s): 8081 (http)
2019-04-28 00:10:36.552  INFO 987 --- [restartedMain] o.apache.catalina.core.StandardService   : Starting service [Tomcat]
2019-04-28 00:10:36.552  INFO 987 --- [restartedMain] org.apache.catalina.core.StandardEngine  : Starting Servlet Engine: Apache Tomcat/9.0.13
2019-04-28 00:10:36.561  INFO 987 --- [restartedMain] o.a.c.c.C.[Tomcat-5].[localhost].[/]     : Initializing Spring embedded WebApplicationContext
2019-04-28 00:10:36.561  INFO 987 --- [restartedMain] o.s.web.context.ContextLoader            : Root WebApplicationContext: initialization completed in 231 ms
2019-04-28 00:10:36.574  INFO 987 --- [restartedMain] o.s.boot.web.servlet.RegistrationBean    : Servlet statViewServlet was not registered (possibly already registered?)
2019-04-28 00:10:36.574  INFO 987 --- [restartedMain] o.s.boot.web.servlet.RegistrationBean    : Filter webStatFilter was not registered (possibly already registered?)
2019-04-28 00:10:36.621  INFO 987 --- [restartedMain] com.alibaba.druid.pool.DruidDataSource   : {dataSource-40} inited
2019-04-28 00:10:36.664  INFO 987 --- [restartedMain] o.s.s.concurrent.ThreadPoolTaskExecutor  : Initializing ExecutorService 'applicationTaskExecutor'
2019-04-28 00:10:36.703  INFO 987 --- [restartedMain] o.s.b.d.a.OptionalLiveReloadServer       : LiveReload server is running on port 35729
2019-04-28 00:10:36.718  INFO 987 --- [restartedMain] o.s.b.w.embedded.tomcat.TomcatWebServer  : Tomcat started on port(s): 8081 (http) with context path ''
2019-04-28 00:10:36.718  INFO 987 --- [restartedMain] azstudio.top.Application                 : Started Application in 0.41 seconds (JVM running for 6498.316)
2019-04-28 00:10:36.720  INFO 987 --- [restartedMain] .ConditionEvaluationDeltaLoggingListener : Condition evaluation unchanged
2019-04-28 00:11:38.621  INFO 987 --- [Thread-249] o.s.s.concurrent.ThreadPoolTaskExecutor  : Shutting down ExecutorService 'applicationTaskExecutor'
2019-04-28 00:11:38.635  INFO 987 --- [Thread-249] com.alibaba.druid.pool.DruidDataSource   : {dataSource-40} closed
2019-04-28 00:11:38.976  INFO 987 --- [restartedMain] azstudio.top.Application                 : Starting Application on lizhenyudeMacBook-Pro.local with PID 987 (/Users/lizhenyu/work_code/idea_code/SimpleTask/target/classes started by lizhenyu in /Users/lizhenyu/work_code/idea_code/SimpleTask)
2019-04-28 00:11:38.976  INFO 987 --- [restartedMain] azstudio.top.Application                 : No active profile set, falling back to default profiles: default
2019-04-28 00:11:39.233  INFO 987 --- [restartedMain] o.s.b.w.embedded.tomcat.TomcatWebServer  : Tomcat initialized with port(s): 8081 (http)
2019-04-28 00:11:39.234  INFO 987 --- [restartedMain] o.apache.catalina.core.StandardService   : Starting service [Tomcat]
2019-04-28 00:11:39.234  INFO 987 --- [restartedMain] org.apache.catalina.core.StandardEngine  : Starting Servlet Engine: Apache Tomcat/9.0.13
2019-04-28 00:11:39.247  INFO 987 --- [restartedMain] o.a.c.c.C.[Tomcat-5].[localhost].[/]     : Initializing Spring embedded WebApplicationContext
2019-04-28 00:11:39.247  INFO 987 --- [restartedMain] o.s.web.context.ContextLoader            : Root WebApplicationContext: initialization completed in 269 ms
2019-04-28 00:11:39.265  INFO 987 --- [restartedMain] o.s.boot.web.servlet.RegistrationBean    : Servlet statViewServlet was not registered (possibly already registered?)
2019-04-28 00:11:39.265  INFO 987 --- [restartedMain] o.s.boot.web.servlet.RegistrationBean    : Filter webStatFilter was not registered (possibly already registered?)
2019-04-28 00:11:39.271  WARN 987 --- [restartedMain] ConfigServletWebServerApplicationContext : Exception encountered during context initialization - cancelling refresh attempt: org.springframework.beans.factory.BeanCreationException: Error creating bean with name 'userController' defined in file [/Users/lizhenyu/work_code/idea_code/SimpleTask/target/classes/azstudio/top/controller/UserController.class]: Post-processing of merged bean definition failed; nested exception is java.lang.IllegalStateException: Failed to introspect Class [azstudio.top.controller.UserController] from ClassLoader [org.springframework.boot.devtools.restart.classloader.RestartClassLoader@1ecc0aab]
2019-04-28 00:11:39.271  INFO 987 --- [restartedMain] o.apache.catalina.core.StandardService   : Stopping service [Tomcat]
2019-04-28 00:11:39.276  INFO 987 --- [restartedMain] ConditionEvaluationReportLoggingListener : 

Error starting ApplicationContext. To display the conditions report re-run your application with 'debug' enabled.
2019-04-28 00:11:39.277 ERROR 987 --- [restartedMain] o.s.boot.SpringApplication               : Application run failed

org.springframework.beans.factory.BeanCreationException: Error creating bean with name 'userController' defined in file [/Users/lizhenyu/work_code/idea_code/SimpleTask/target/classes/azstudio/top/controller/UserController.class]: Post-processing of merged bean definition failed; nested exception is java.lang.IllegalStateException: Failed to introspect Class [azstudio.top.controller.UserController] from ClassLoader [org.springframework.boot.devtools.restart.classloader.RestartClassLoader@1ecc0aab]
	at org.springframework.beans.factory.support.AbstractAutowireCapableBeanFactory.doCreateBean(AbstractAutowireCapableBeanFactory.java:553) ~[spring-beans-5.1.3.RELEASE.jar:5.1.3.RELEASE]
	at org.springframework.beans.factory.support.AbstractAutowireCapableBeanFactory.createBean(AbstractAutowireCapableBeanFactory.java:498) ~[spring-beans-5.1.3.RELEASE.jar:5.1.3.RELEASE]
	at org.springframework.beans.factory.support.AbstractBeanFactory.lambda$doGetBean$0(AbstractBeanFactory.java:320) ~[spring-beans-5.1.3.RELEASE.jar:5.1.3.RELEASE]
	at org.springframework.beans.factory.support.DefaultSingletonBeanRegistry.getSingleton(DefaultSingletonBeanRegistry.java:222) ~[spring-beans-5.1.3.RELEASE.jar:5.1.3.RELEASE]
	at org.springframework.beans.factory.support.AbstractBeanFactory.doGetBean(AbstractBeanFactory.java:318) ~[spring-beans-5.1.3.RELEASE.jar:5.1.3.RELEASE]
	at org.springframework.beans.factory.support.AbstractBeanFactory.getBean(AbstractBeanFactory.java:199) ~[spring-beans-5.1.3.RELEASE.jar:5.1.3.RELEASE]
	at org.springframework.beans.factory.support.DefaultListableBeanFactory.preInstantiateSingletons(DefaultListableBeanFactory.java:846) ~[spring-beans-5.1.3.RELEASE.jar:5.1.3.RELEASE]
	at org.springframework.context.support.AbstractApplicationContext.finishBeanFactoryInitialization(AbstractApplicationContext.java:863) ~[spring-context-5.1.3.RELEASE.jar:5.1.3.RELEASE]
	at org.springframework.context.support.AbstractApplicationContext.refresh(AbstractApplicationContext.java:546) ~[spring-context-5.1.3.RELEASE.jar:5.1.3.RELEASE]
	at org.springframework.boot.web.servlet.context.ServletWebServerApplicationContext.refresh(ServletWebServerApplicationContext.java:142) ~[spring-boot-2.1.1.RELEASE.jar:2.1.1.RELEASE]
	at org.springframework.boot.SpringApplication.refresh(SpringApplication.java:775) [spring-boot-2.1.1.RELEASE.jar:2.1.1.RELEASE]
	at org.springframework.boot.SpringApplication.refreshContext(SpringApplication.java:397) [spring-boot-2.1.1.RELEASE.jar:2.1.1.RELEASE]
	at org.springframework.boot.SpringApplication.run(SpringApplication.java:316) [spring-boot-2.1.1.RELEASE.jar:2.1.1.RELEASE]
	at org.springframework.boot.SpringApplication.run(SpringApplication.java:1260) [spring-boot-2.1.1.RELEASE.jar:2.1.1.RELEASE]
	at org.springframework.boot.SpringApplication.run(SpringApplication.java:1248) [spring-boot-2.1.1.RELEASE.jar:2.1.1.RELEASE]
	at azstudio.top.Application.main(Application.java:16) [classes/:na]
	at sun.reflect.NativeMethodAccessorImpl.invoke0(Native Method) ~[na:1.8.0_201]
	at sun.reflect.NativeMethodAccessorImpl.invoke(NativeMethodAccessorImpl.java:62) ~[na:1.8.0_201]
	at sun.reflect.DelegatingMethodAccessorImpl.invoke(DelegatingMethodAccessorImpl.java:43) ~[na:1.8.0_201]
	at java.lang.reflect.Method.invoke(Method.java:498) ~[na:1.8.0_201]
	at org.springframework.boot.devtools.restart.RestartLauncher.run(RestartLauncher.java:49) [spring-boot-devtools-2.1.1.RELEASE.jar:2.1.1.RELEASE]
Caused by: java.lang.IllegalStateException: Failed to introspect Class [azstudio.top.controller.UserController] from ClassLoader [org.springframework.boot.devtools.restart.classloader.RestartClassLoader@1ecc0aab]
	at org.springframework.util.ReflectionUtils.getDeclaredFields(ReflectionUtils.java:785) ~[spring-core-5.1.3.RELEASE.jar:5.1.3.RELEASE]
	at org.springframework.util.ReflectionUtils.doWithLocalFields(ReflectionUtils.java:717) ~[spring-core-5.1.3.RELEASE.jar:5.1.3.RELEASE]
	at org.springframework.context.annotation.CommonAnnotationBeanPostProcessor.buildResourceMetadata(CommonAnnotationBeanPostProcessor.java:365) ~[spring-context-5.1.3.RELEASE.jar:5.1.3.RELEASE]
	at org.springframework.context.annotation.CommonAnnotationBeanPostProcessor.findResourceMetadata(CommonAnnotationBeanPostProcessor.java:350) ~[spring-context-5.1.3.RELEASE.jar:5.1.3.RELEASE]
	at org.springframework.context.annotation.CommonAnnotationBeanPostProcessor.postProcessMergedBeanDefinition(CommonAnnotationBeanPostProcessor.java:298) ~[spring-context-5.1.3.RELEASE.jar:5.1.3.RELEASE]
	at org.springframework.beans.factory.support.AbstractAutowireCapableBeanFactory.applyMergedBeanDefinitionPostProcessors(AbstractAutowireCapableBeanFactory.java:1044) ~[spring-beans-5.1.3.RELEASE.jar:5.1.3.RELEASE]
	at org.springframework.beans.factory.support.AbstractAutowireCapableBeanFactory.doCreateBean(AbstractAutowireCapableBeanFactory.java:550) ~[spring-beans-5.1.3.RELEASE.jar:5.1.3.RELEASE]
	... 20 common frames omitted
Caused by: java.lang.NoClassDefFoundError: Lazstudio/top/Service/UserServiceImpl;
	at java.lang.Class.getDeclaredFields0(Native Method) ~[na:1.8.0_201]
	at java.lang.Class.privateGetDeclaredFields(Class.java:2583) ~[na:1.8.0_201]
	at java.lang.Class.getDeclaredFields(Class.java:1916) ~[na:1.8.0_201]
	at org.springframework.util.ReflectionUtils.getDeclaredFields(ReflectionUtils.java:780) ~[spring-core-5.1.3.RELEASE.jar:5.1.3.RELEASE]
	... 26 common frames omitted
Caused by: java.lang.ClassNotFoundException: azstudio.top.Service.UserServiceImpl
	at java.net.URLClassLoader.findClass(URLClassLoader.java:382) ~[na:1.8.0_201]
	at java.lang.ClassLoader.loadClass(ClassLoader.java:424) ~[na:1.8.0_201]
	at sun.misc.Launcher$AppClassLoader.loadClass(Launcher.java:349) ~[na:1.8.0_201]
	at java.lang.ClassLoader.loadClass(ClassLoader.java:357) ~[na:1.8.0_201]
	at org.springframework.boot.devtools.restart.classloader.RestartClassLoader.loadClass(RestartClassLoader.java:148) ~[spring-boot-devtools-2.1.1.RELEASE.jar:2.1.1.RELEASE]
	at java.lang.ClassLoader.loadClass(ClassLoader.java:357) ~[na:1.8.0_201]
	... 30 common frames omitted

2019-04-28 00:12:13.261  INFO 987 --- [restartedMain] azstudio.top.Application                 : Starting Application on lizhenyudeMacBook-Pro.local with PID 987 (/Users/lizhenyu/work_code/idea_code/SimpleTask/target/classes started by lizhenyu in /Users/lizhenyu/work_code/idea_code/SimpleTask)
2019-04-28 00:12:13.262  INFO 987 --- [restartedMain] azstudio.top.Application                 : No active profile set, falling back to default profiles: default
2019-04-28 00:12:13.436  INFO 987 --- [restartedMain] o.s.b.w.embedded.tomcat.TomcatWebServer  : Tomcat initialized with port(s): 8081 (http)
2019-04-28 00:12:13.437  INFO 987 --- [restartedMain] o.apache.catalina.core.StandardService   : Starting service [Tomcat]
2019-04-28 00:12:13.437  INFO 987 --- [restartedMain] org.apache.catalina.core.StandardEngine  : Starting Servlet Engine: Apache Tomcat/9.0.13
2019-04-28 00:12:13.442  INFO 987 --- [restartedMain] o.a.c.c.C.[Tomcat-6].[localhost].[/]     : Initializing Spring embedded WebApplicationContext
2019-04-28 00:12:13.442  INFO 987 --- [restartedMain] o.s.web.context.ContextLoader            : Root WebApplicationContext: initialization completed in 179 ms
2019-04-28 00:12:13.452  INFO 987 --- [restartedMain] o.s.boot.web.servlet.RegistrationBean    : Servlet statViewServlet was not registered (possibly already registered?)
2019-04-28 00:12:13.452  INFO 987 --- [restartedMain] o.s.boot.web.servlet.RegistrationBean    : Filter webStatFilter was not registered (possibly already registered?)
2019-04-28 00:12:13.501  INFO 987 --- [restartedMain] com.alibaba.druid.pool.DruidDataSource   : {dataSource-41} inited
2019-04-28 00:12:13.561  INFO 987 --- [restartedMain] o.s.s.concurrent.ThreadPoolTaskExecutor  : Initializing ExecutorService 'applicationTaskExecutor'
2019-04-28 00:12:13.619  INFO 987 --- [restartedMain] o.s.b.d.a.OptionalLiveReloadServer       : LiveReload server is running on port 35729
2019-04-28 00:12:13.637  INFO 987 --- [restartedMain] o.s.b.w.embedded.tomcat.TomcatWebServer  : Tomcat started on port(s): 8081 (http) with context path ''
2019-04-28 00:12:13.638  INFO 987 --- [restartedMain] azstudio.top.Application                 : Started Application in 0.398 seconds (JVM running for 6595.236)
2019-04-28 00:12:13.639  INFO 987 --- [restartedMain] .ConditionEvaluationDeltaLoggingListener : Condition evaluation unchanged
2019-04-28 00:12:18.908  INFO 987 --- [http-nio-8081-exec-4] o.a.c.c.C.[Tomcat-6].[localhost].[/]     : Initializing Spring DispatcherServlet 'dispatcherServlet'
2019-04-28 00:12:18.909  INFO 987 --- [http-nio-8081-exec-4] o.s.web.servlet.DispatcherServlet        : Initializing Servlet 'dispatcherServlet'
2019-04-28 00:12:18.912  INFO 987 --- [http-nio-8081-exec-4] o.s.web.servlet.DispatcherServlet        : Completed initialization in 3 ms
2019-04-28 00:12:19.071  WARN 987 --- [http-nio-8081-exec-4] .m.m.a.ExceptionHandlerExceptionResolver : Resolved [java.lang.ClassCastException: com.alibaba.fastjson.JSONObject cannot be cast to java.util.HashMap]
2019-04-28 00:12:37.549  INFO 987 --- [Thread-255] o.s.s.concurrent.ThreadPoolTaskExecutor  : Shutting down ExecutorService 'applicationTaskExecutor'
2019-04-28 00:12:37.553  INFO 987 --- [Thread-255] com.alibaba.druid.pool.DruidDataSource   : {dataSource-41} closed
2019-04-28 00:12:37.708  INFO 987 --- [restartedMain] azstudio.top.Application                 : Starting Application on lizhenyudeMacBook-Pro.local with PID 987 (/Users/lizhenyu/work_code/idea_code/SimpleTask/target/classes started by lizhenyu in /Users/lizhenyu/work_code/idea_code/SimpleTask)
2019-04-28 00:12:37.708  INFO 987 --- [restartedMain] azstudio.top.Application                 : No active profile set, falling back to default profiles: default
2019-04-28 00:12:37.845  INFO 987 --- [restartedMain] o.s.b.w.embedded.tomcat.TomcatWebServer  : Tomcat initialized with port(s): 8081 (http)
2019-04-28 00:12:37.846  INFO 987 --- [restartedMain] o.apache.catalina.core.StandardService   : Starting service [Tomcat]
2019-04-28 00:12:37.846  INFO 987 --- [restartedMain] org.apache.catalina.core.StandardEngine  : Starting Servlet Engine: Apache Tomcat/9.0.13
2019-04-28 00:12:37.850  INFO 987 --- [restartedMain] o.a.c.c.C.[Tomcat-6].[localhost].[/]     : Initializing Spring embedded WebApplicationContext
2019-04-28 00:12:37.851  INFO 987 --- [restartedMain] o.s.web.context.ContextLoader            : Root WebApplicationContext: initialization completed in 142 ms
2019-04-28 00:12:37.859  INFO 987 --- [restartedMain] o.s.boot.web.servlet.RegistrationBean    : Servlet statViewServlet was not registered (possibly already registered?)
2019-04-28 00:12:37.859  INFO 987 --- [restartedMain] o.s.boot.web.servlet.RegistrationBean    : Filter webStatFilter was not registered (possibly already registered?)
2019-04-28 00:12:37.889  INFO 987 --- [restartedMain] com.alibaba.druid.pool.DruidDataSource   : {dataSource-42} inited
2019-04-28 00:12:37.931  INFO 987 --- [restartedMain] o.s.s.concurrent.ThreadPoolTaskExecutor  : Initializing ExecutorService 'applicationTaskExecutor'
2019-04-28 00:12:37.962  INFO 987 --- [restartedMain] o.s.b.d.a.OptionalLiveReloadServer       : LiveReload server is running on port 35729
2019-04-28 00:12:37.976  INFO 987 --- [restartedMain] o.s.b.w.embedded.tomcat.TomcatWebServer  : Tomcat started on port(s): 8081 (http) with context path ''
2019-04-28 00:12:37.976  INFO 987 --- [restartedMain] azstudio.top.Application                 : Started Application in 0.281 seconds (JVM running for 6619.574)
2019-04-28 00:12:37.977  INFO 987 --- [restartedMain] .ConditionEvaluationDeltaLoggingListener : Condition evaluation unchanged
2019-04-28 00:12:39.856  INFO 987 --- [http-nio-8081-exec-2] o.a.c.c.C.[Tomcat-6].[localhost].[/]     : Initializing Spring DispatcherServlet 'dispatcherServlet'
2019-04-28 00:12:39.857  INFO 987 --- [http-nio-8081-exec-2] o.s.web.servlet.DispatcherServlet        : Initializing Servlet 'dispatcherServlet'
2019-04-28 00:12:39.859  INFO 987 --- [http-nio-8081-exec-2] o.s.web.servlet.DispatcherServlet        : Completed initialization in 2 ms
2019-04-28 00:12:39.875  WARN 987 --- [http-nio-8081-exec-2] .m.m.a.ExceptionHandlerExceptionResolver : Resolved [java.lang.ClassCastException: com.alibaba.fastjson.JSONObject cannot be cast to java.util.HashMap]
2019-04-28 00:13:00.899  INFO 987 --- [Thread-264] o.s.s.concurrent.ThreadPoolTaskExecutor  : Shutting down ExecutorService 'applicationTaskExecutor'
2019-04-28 00:13:00.901  INFO 987 --- [Thread-264] com.alibaba.druid.pool.DruidDataSource   : {dataSource-42} closed
2019-04-28 00:13:01.009  INFO 987 --- [restartedMain] azstudio.top.Application                 : Starting Application on lizhenyudeMacBook-Pro.local with PID 987 (/Users/lizhenyu/work_code/idea_code/SimpleTask/target/classes started by lizhenyu in /Users/lizhenyu/work_code/idea_code/SimpleTask)
2019-04-28 00:13:01.009  INFO 987 --- [restartedMain] azstudio.top.Application                 : No active profile set, falling back to default profiles: default
2019-04-28 00:13:01.161  INFO 987 --- [restartedMain] o.s.b.w.embedded.tomcat.TomcatWebServer  : Tomcat initialized with port(s): 8081 (http)
2019-04-28 00:13:01.162  INFO 987 --- [restartedMain] o.apache.catalina.core.StandardService   : Starting service [Tomcat]
2019-04-28 00:13:01.162  INFO 987 --- [restartedMain] org.apache.catalina.core.StandardEngine  : Starting Servlet Engine: Apache Tomcat/9.0.13
2019-04-28 00:13:01.166  INFO 987 --- [restartedMain] o.a.c.c.C.[Tomcat-6].[localhost].[/]     : Initializing Spring embedded WebApplicationContext
2019-04-28 00:13:01.166  INFO 987 --- [restartedMain] o.s.web.context.ContextLoader            : Root WebApplicationContext: initialization completed in 155 ms
2019-04-28 00:13:01.177  INFO 987 --- [restartedMain] o.s.boot.web.servlet.RegistrationBean    : Servlet statViewServlet was not registered (possibly already registered?)
2019-04-28 00:13:01.177  INFO 987 --- [restartedMain] o.s.boot.web.servlet.RegistrationBean    : Filter webStatFilter was not registered (possibly already registered?)
2019-04-28 00:13:01.182  WARN 987 --- [restartedMain] ConfigServletWebServerApplicationContext : Exception encountered during context initialization - cancelling refresh attempt: org.springframework.beans.factory.BeanCreationException: Error creating bean with name 'userController' defined in file [/Users/lizhenyu/work_code/idea_code/SimpleTask/target/classes/azstudio/top/controller/UserController.class]: Post-processing of merged bean definition failed; nested exception is java.lang.IllegalStateException: Failed to introspect Class [azstudio.top.controller.UserController] from ClassLoader [org.springframework.boot.devtools.restart.classloader.RestartClassLoader@1b5ee018]
2019-04-28 00:13:01.182  INFO 987 --- [restartedMain] o.apache.catalina.core.StandardService   : Stopping service [Tomcat]
2019-04-28 00:13:01.186  INFO 987 --- [restartedMain] ConditionEvaluationReportLoggingListener : 

Error starting ApplicationContext. To display the conditions report re-run your application with 'debug' enabled.
2019-04-28 00:13:01.187 ERROR 987 --- [restartedMain] o.s.boot.SpringApplication               : Application run failed

org.springframework.beans.factory.BeanCreationException: Error creating bean with name 'userController' defined in file [/Users/lizhenyu/work_code/idea_code/SimpleTask/target/classes/azstudio/top/controller/UserController.class]: Post-processing of merged bean definition failed; nested exception is java.lang.IllegalStateException: Failed to introspect Class [azstudio.top.controller.UserController] from ClassLoader [org.springframework.boot.devtools.restart.classloader.RestartClassLoader@1b5ee018]
	at org.springframework.beans.factory.support.AbstractAutowireCapableBeanFactory.doCreateBean(AbstractAutowireCapableBeanFactory.java:553) ~[spring-beans-5.1.3.RELEASE.jar:5.1.3.RELEASE]
	at org.springframework.beans.factory.support.AbstractAutowireCapableBeanFactory.createBean(AbstractAutowireCapableBeanFactory.java:498) ~[spring-beans-5.1.3.RELEASE.jar:5.1.3.RELEASE]
	at org.springframework.beans.factory.support.AbstractBeanFactory.lambda$doGetBean$0(AbstractBeanFactory.java:320) ~[spring-beans-5.1.3.RELEASE.jar:5.1.3.RELEASE]
	at org.springframework.beans.factory.support.DefaultSingletonBeanRegistry.getSingleton(DefaultSingletonBeanRegistry.java:222) ~[spring-beans-5.1.3.RELEASE.jar:5.1.3.RELEASE]
	at org.springframework.beans.factory.support.AbstractBeanFactory.doGetBean(AbstractBeanFactory.java:318) ~[spring-beans-5.1.3.RELEASE.jar:5.1.3.RELEASE]
	at org.springframework.beans.factory.support.AbstractBeanFactory.getBean(AbstractBeanFactory.java:199) ~[spring-beans-5.1.3.RELEASE.jar:5.1.3.RELEASE]
	at org.springframework.beans.factory.support.DefaultListableBeanFactory.preInstantiateSingletons(DefaultListableBeanFactory.java:846) ~[spring-beans-5.1.3.RELEASE.jar:5.1.3.RELEASE]
	at org.springframework.context.support.AbstractApplicationContext.finishBeanFactoryInitialization(AbstractApplicationContext.java:863) ~[spring-context-5.1.3.RELEASE.jar:5.1.3.RELEASE]
	at org.springframework.context.support.AbstractApplicationContext.refresh(AbstractApplicationContext.java:546) ~[spring-context-5.1.3.RELEASE.jar:5.1.3.RELEASE]
	at org.springframework.boot.web.servlet.context.ServletWebServerApplicationContext.refresh(ServletWebServerApplicationContext.java:142) ~[spring-boot-2.1.1.RELEASE.jar:2.1.1.RELEASE]
	at org.springframework.boot.SpringApplication.refresh(SpringApplication.java:775) [spring-boot-2.1.1.RELEASE.jar:2.1.1.RELEASE]
	at org.springframework.boot.SpringApplication.refreshContext(SpringApplication.java:397) [spring-boot-2.1.1.RELEASE.jar:2.1.1.RELEASE]
	at org.springframework.boot.SpringApplication.run(SpringApplication.java:316) [spring-boot-2.1.1.RELEASE.jar:2.1.1.RELEASE]
	at org.springframework.boot.SpringApplication.run(SpringApplication.java:1260) [spring-boot-2.1.1.RELEASE.jar:2.1.1.RELEASE]
	at org.springframework.boot.SpringApplication.run(SpringApplication.java:1248) [spring-boot-2.1.1.RELEASE.jar:2.1.1.RELEASE]
	at azstudio.top.Application.main(Application.java:16) [classes/:na]
	at sun.reflect.NativeMethodAccessorImpl.invoke0(Native Method) ~[na:1.8.0_201]
	at sun.reflect.NativeMethodAccessorImpl.invoke(NativeMethodAccessorImpl.java:62) ~[na:1.8.0_201]
	at sun.reflect.DelegatingMethodAccessorImpl.invoke(DelegatingMethodAccessorImpl.java:43) ~[na:1.8.0_201]
	at java.lang.reflect.Method.invoke(Method.java:498) ~[na:1.8.0_201]
	at org.springframework.boot.devtools.restart.RestartLauncher.run(RestartLauncher.java:49) [spring-boot-devtools-2.1.1.RELEASE.jar:2.1.1.RELEASE]
Caused by: java.lang.IllegalStateException: Failed to introspect Class [azstudio.top.controller.UserController] from ClassLoader [org.springframework.boot.devtools.restart.classloader.RestartClassLoader@1b5ee018]
	at org.springframework.util.ReflectionUtils.getDeclaredFields(ReflectionUtils.java:785) ~[spring-core-5.1.3.RELEASE.jar:5.1.3.RELEASE]
	at org.springframework.util.ReflectionUtils.doWithLocalFields(ReflectionUtils.java:717) ~[spring-core-5.1.3.RELEASE.jar:5.1.3.RELEASE]
	at org.springframework.context.annotation.CommonAnnotationBeanPostProcessor.buildResourceMetadata(CommonAnnotationBeanPostProcessor.java:365) ~[spring-context-5.1.3.RELEASE.jar:5.1.3.RELEASE]
	at org.springframework.context.annotation.CommonAnnotationBeanPostProcessor.findResourceMetadata(CommonAnnotationBeanPostProcessor.java:350) ~[spring-context-5.1.3.RELEASE.jar:5.1.3.RELEASE]
	at org.springframework.context.annotation.CommonAnnotationBeanPostProcessor.postProcessMergedBeanDefinition(CommonAnnotationBeanPostProcessor.java:298) ~[spring-context-5.1.3.RELEASE.jar:5.1.3.RELEASE]
	at org.springframework.beans.factory.support.AbstractAutowireCapableBeanFactory.applyMergedBeanDefinitionPostProcessors(AbstractAutowireCapableBeanFactory.java:1044) ~[spring-beans-5.1.3.RELEASE.jar:5.1.3.RELEASE]
	at org.springframework.beans.factory.support.AbstractAutowireCapableBeanFactory.doCreateBean(AbstractAutowireCapableBeanFactory.java:550) ~[spring-beans-5.1.3.RELEASE.jar:5.1.3.RELEASE]
	... 20 common frames omitted
Caused by: java.lang.NoClassDefFoundError: Lazstudio/top/Service/UserServiceImpl;
	at java.lang.Class.getDeclaredFields0(Native Method) ~[na:1.8.0_201]
	at java.lang.Class.privateGetDeclaredFields(Class.java:2583) ~[na:1.8.0_201]
	at java.lang.Class.getDeclaredFields(Class.java:1916) ~[na:1.8.0_201]
	at org.springframework.util.ReflectionUtils.getDeclaredFields(ReflectionUtils.java:780) ~[spring-core-5.1.3.RELEASE.jar:5.1.3.RELEASE]
	... 26 common frames omitted
Caused by: java.lang.ClassNotFoundException: azstudio.top.Service.UserServiceImpl
	at java.net.URLClassLoader.findClass(URLClassLoader.java:382) ~[na:1.8.0_201]
	at java.lang.ClassLoader.loadClass(ClassLoader.java:424) ~[na:1.8.0_201]
	at sun.misc.Launcher$AppClassLoader.loadClass(Launcher.java:349) ~[na:1.8.0_201]
	at java.lang.ClassLoader.loadClass(ClassLoader.java:357) ~[na:1.8.0_201]
	at org.springframework.boot.devtools.restart.classloader.RestartClassLoader.loadClass(RestartClassLoader.java:148) ~[spring-boot-devtools-2.1.1.RELEASE.jar:2.1.1.RELEASE]
	at java.lang.ClassLoader.loadClass(ClassLoader.java:357) ~[na:1.8.0_201]
	... 30 common frames omitted

2019-04-28 00:13:13.096  INFO 987 --- [restartedMain] azstudio.top.Application                 : Starting Application on lizhenyudeMacBook-Pro.local with PID 987 (/Users/lizhenyu/work_code/idea_code/SimpleTask/target/classes started by lizhenyu in /Users/lizhenyu/work_code/idea_code/SimpleTask)
2019-04-28 00:13:13.096  INFO 987 --- [restartedMain] azstudio.top.Application                 : No active profile set, falling back to default profiles: default
2019-04-28 00:13:13.231  INFO 987 --- [restartedMain] o.s.b.w.embedded.tomcat.TomcatWebServer  : Tomcat initialized with port(s): 8081 (http)
2019-04-28 00:13:13.232  INFO 987 --- [restartedMain] o.apache.catalina.core.StandardService   : Starting service [Tomcat]
2019-04-28 00:13:13.233  INFO 987 --- [restartedMain] org.apache.catalina.core.StandardEngine  : Starting Servlet Engine: Apache Tomcat/9.0.13
2019-04-28 00:13:13.237  INFO 987 --- [restartedMain] o.a.c.c.C.[Tomcat-7].[localhost].[/]     : Initializing Spring embedded WebApplicationContext
2019-04-28 00:13:13.237  INFO 987 --- [restartedMain] o.s.web.context.ContextLoader            : Root WebApplicationContext: initialization completed in 140 ms
2019-04-28 00:13:13.247  INFO 987 --- [restartedMain] o.s.boot.web.servlet.RegistrationBean    : Servlet statViewServlet was not registered (possibly already registered?)
2019-04-28 00:13:13.247  INFO 987 --- [restartedMain] o.s.boot.web.servlet.RegistrationBean    : Filter webStatFilter was not registered (possibly already registered?)
2019-04-28 00:13:13.279  INFO 987 --- [restartedMain] com.alibaba.druid.pool.DruidDataSource   : {dataSource-43} inited
2019-04-28 00:13:13.321  INFO 987 --- [restartedMain] o.s.s.concurrent.ThreadPoolTaskExecutor  : Initializing ExecutorService 'applicationTaskExecutor'
2019-04-28 00:13:13.352  INFO 987 --- [restartedMain] o.s.b.d.a.OptionalLiveReloadServer       : LiveReload server is running on port 35729
2019-04-28 00:13:13.362  INFO 987 --- [restartedMain] o.s.b.w.embedded.tomcat.TomcatWebServer  : Tomcat started on port(s): 8081 (http) with context path ''
2019-04-28 00:13:13.362  INFO 987 --- [restartedMain] azstudio.top.Application                 : Started Application in 0.277 seconds (JVM running for 6654.96)
2019-04-28 00:13:13.363  INFO 987 --- [restartedMain] .ConditionEvaluationDeltaLoggingListener : Condition evaluation unchanged
2019-04-28 00:13:15.573  INFO 987 --- [http-nio-8081-exec-4] o.a.c.c.C.[Tomcat-7].[localhost].[/]     : Initializing Spring DispatcherServlet 'dispatcherServlet'
2019-04-28 00:13:15.574  INFO 987 --- [http-nio-8081-exec-4] o.s.web.servlet.DispatcherServlet        : Initializing Servlet 'dispatcherServlet'
2019-04-28 00:13:15.576  INFO 987 --- [http-nio-8081-exec-4] o.s.web.servlet.DispatcherServlet        : Completed initialization in 2 ms
2019-04-28 00:14:27.690  INFO 987 --- [Thread-270] o.s.s.concurrent.ThreadPoolTaskExecutor  : Shutting down ExecutorService 'applicationTaskExecutor'
2019-04-28 00:14:27.692  INFO 987 --- [Thread-270] com.alibaba.druid.pool.DruidDataSource   : {dataSource-43} closed
2019-04-28 00:14:27.857  INFO 987 --- [restartedMain] azstudio.top.Application                 : Starting Application on lizhenyudeMacBook-Pro.local with PID 987 (/Users/lizhenyu/work_code/idea_code/SimpleTask/target/classes started by lizhenyu in /Users/lizhenyu/work_code/idea_code/SimpleTask)
2019-04-28 00:14:27.858  INFO 987 --- [restartedMain] azstudio.top.Application                 : No active profile set, falling back to default profiles: default
2019-04-28 00:14:27.990  INFO 987 --- [restartedMain] o.s.b.w.embedded.tomcat.TomcatWebServer  : Tomcat initialized with port(s): 8081 (http)
2019-04-28 00:14:27.991  INFO 987 --- [restartedMain] o.apache.catalina.core.StandardService   : Starting service [Tomcat]
2019-04-28 00:14:27.991  INFO 987 --- [restartedMain] org.apache.catalina.core.StandardEngine  : Starting Servlet Engine: Apache Tomcat/9.0.13
2019-04-28 00:14:27.996  INFO 987 --- [restartedMain] o.a.c.c.C.[Tomcat-7].[localhost].[/]     : Initializing Spring embedded WebApplicationContext
2019-04-28 00:14:27.996  INFO 987 --- [restartedMain] o.s.web.context.ContextLoader            : Root WebApplicationContext: initialization completed in 137 ms
2019-04-28 00:14:28.008  INFO 987 --- [restartedMain] o.s.boot.web.servlet.RegistrationBean    : Servlet statViewServlet was not registered (possibly already registered?)
2019-04-28 00:14:28.008  INFO 987 --- [restartedMain] o.s.boot.web.servlet.RegistrationBean    : Filter webStatFilter was not registered (possibly already registered?)
2019-04-28 00:14:28.041  INFO 987 --- [restartedMain] com.alibaba.druid.pool.DruidDataSource   : {dataSource-44} inited
2019-04-28 00:14:28.084  INFO 987 --- [restartedMain] o.s.s.concurrent.ThreadPoolTaskExecutor  : Initializing ExecutorService 'applicationTaskExecutor'
2019-04-28 00:14:28.113  INFO 987 --- [restartedMain] o.s.b.d.a.OptionalLiveReloadServer       : LiveReload server is running on port 35729
2019-04-28 00:14:28.123  INFO 987 --- [restartedMain] o.s.b.w.embedded.tomcat.TomcatWebServer  : Tomcat started on port(s): 8081 (http) with context path ''
2019-04-28 00:14:28.123  INFO 987 --- [restartedMain] azstudio.top.Application                 : Started Application in 0.28 seconds (JVM running for 6729.72)
2019-04-28 00:14:28.124  INFO 987 --- [restartedMain] .ConditionEvaluationDeltaLoggingListener : Condition evaluation unchanged
2019-04-28 00:14:31.134  INFO 987 --- [http-nio-8081-exec-2] o.a.c.c.C.[Tomcat-7].[localhost].[/]     : Initializing Spring DispatcherServlet 'dispatcherServlet'
2019-04-28 00:14:31.135  INFO 987 --- [http-nio-8081-exec-2] o.s.web.servlet.DispatcherServlet        : Initializing Servlet 'dispatcherServlet'
2019-04-28 00:14:31.137  INFO 987 --- [http-nio-8081-exec-2] o.s.web.servlet.DispatcherServlet        : Completed initialization in 2 ms
2019-04-28 00:14:45.032  INFO 987 --- [Thread-279] o.s.s.concurrent.ThreadPoolTaskExecutor  : Shutting down ExecutorService 'applicationTaskExecutor'
2019-04-28 00:14:45.034  INFO 987 --- [Thread-279] com.alibaba.druid.pool.DruidDataSource   : {dataSource-44} closed
2019-04-28 00:14:45.150  INFO 987 --- [restartedMain] azstudio.top.Application                 : Starting Application on lizhenyudeMacBook-Pro.local with PID 987 (/Users/lizhenyu/work_code/idea_code/SimpleTask/target/classes started by lizhenyu in /Users/lizhenyu/work_code/idea_code/SimpleTask)
2019-04-28 00:14:45.151  INFO 987 --- [restartedMain] azstudio.top.Application                 : No active profile set, falling back to default profiles: default
2019-04-28 00:14:45.297  INFO 987 --- [restartedMain] o.s.b.w.embedded.tomcat.TomcatWebServer  : Tomcat initialized with port(s): 8081 (http)
2019-04-28 00:14:45.298  INFO 987 --- [restartedMain] o.apache.catalina.core.StandardService   : Starting service [Tomcat]
2019-04-28 00:14:45.298  INFO 987 --- [restartedMain] org.apache.catalina.core.StandardEngine  : Starting Servlet Engine: Apache Tomcat/9.0.13
2019-04-28 00:14:45.302  INFO 987 --- [restartedMain] o.a.c.c.C.[Tomcat-7].[localhost].[/]     : Initializing Spring embedded WebApplicationContext
2019-04-28 00:14:45.302  INFO 987 --- [restartedMain] o.s.web.context.ContextLoader            : Root WebApplicationContext: initialization completed in 150 ms
2019-04-28 00:14:45.311  INFO 987 --- [restartedMain] o.s.boot.web.servlet.RegistrationBean    : Servlet statViewServlet was not registered (possibly already registered?)
2019-04-28 00:14:45.311  INFO 987 --- [restartedMain] o.s.boot.web.servlet.RegistrationBean    : Filter webStatFilter was not registered (possibly already registered?)
2019-04-28 00:14:45.340  INFO 987 --- [restartedMain] com.alibaba.druid.pool.DruidDataSource   : {dataSource-45} inited
2019-04-28 00:14:45.375  INFO 987 --- [restartedMain] o.s.s.concurrent.ThreadPoolTaskExecutor  : Initializing ExecutorService 'applicationTaskExecutor'
2019-04-28 00:14:45.404  INFO 987 --- [restartedMain] o.s.b.d.a.OptionalLiveReloadServer       : LiveReload server is running on port 35729
2019-04-28 00:14:45.415  INFO 987 --- [restartedMain] o.s.b.w.embedded.tomcat.TomcatWebServer  : Tomcat started on port(s): 8081 (http) with context path ''
2019-04-28 00:14:45.416  INFO 987 --- [restartedMain] azstudio.top.Application                 : Started Application in 0.279 seconds (JVM running for 6747.013)
2019-04-28 00:14:45.417  INFO 987 --- [restartedMain] .ConditionEvaluationDeltaLoggingListener : Condition evaluation unchanged
2019-04-28 00:14:49.396  INFO 987 --- [http-nio-8081-exec-2] o.a.c.c.C.[Tomcat-7].[localhost].[/]     : Initializing Spring DispatcherServlet 'dispatcherServlet'
2019-04-28 00:14:49.397  INFO 987 --- [http-nio-8081-exec-2] o.s.web.servlet.DispatcherServlet        : Initializing Servlet 'dispatcherServlet'
2019-04-28 00:14:49.400  INFO 987 --- [http-nio-8081-exec-2] o.s.web.servlet.DispatcherServlet        : Completed initialization in 3 ms
2019-04-28 00:15:36.982  INFO 987 --- [Thread-285] o.s.s.concurrent.ThreadPoolTaskExecutor  : Shutting down ExecutorService 'applicationTaskExecutor'
2019-04-28 00:15:36.984  INFO 987 --- [Thread-285] com.alibaba.druid.pool.DruidDataSource   : {dataSource-45} closed
2019-04-28 00:15:37.132  INFO 987 --- [restartedMain] azstudio.top.Application                 : Starting Application on lizhenyudeMacBook-Pro.local with PID 987 (/Users/lizhenyu/work_code/idea_code/SimpleTask/target/classes started by lizhenyu in /Users/lizhenyu/work_code/idea_code/SimpleTask)
2019-04-28 00:15:37.132  INFO 987 --- [restartedMain] azstudio.top.Application                 : No active profile set, falling back to default profiles: default
2019-04-28 00:15:37.274  INFO 987 --- [restartedMain] o.s.b.w.embedded.tomcat.TomcatWebServer  : Tomcat initialized with port(s): 8081 (http)
2019-04-28 00:15:37.275  INFO 987 --- [restartedMain] o.apache.catalina.core.StandardService   : Starting service [Tomcat]
2019-04-28 00:15:37.275  INFO 987 --- [restartedMain] org.apache.catalina.core.StandardEngine  : Starting Servlet Engine: Apache Tomcat/9.0.13
2019-04-28 00:15:37.281  INFO 987 --- [restartedMain] o.a.c.c.C.[Tomcat-7].[localhost].[/]     : Initializing Spring embedded WebApplicationContext
2019-04-28 00:15:37.281  INFO 987 --- [restartedMain] o.s.web.context.ContextLoader            : Root WebApplicationContext: initialization completed in 147 ms
2019-04-28 00:15:37.292  INFO 987 --- [restartedMain] o.s.boot.web.servlet.RegistrationBean    : Servlet statViewServlet was not registered (possibly already registered?)
2019-04-28 00:15:37.292  INFO 987 --- [restartedMain] o.s.boot.web.servlet.RegistrationBean    : Filter webStatFilter was not registered (possibly already registered?)
2019-04-28 00:15:37.329  INFO 987 --- [restartedMain] com.alibaba.druid.pool.DruidDataSource   : {dataSource-46} inited
2019-04-28 00:15:37.368  INFO 987 --- [restartedMain] o.s.s.concurrent.ThreadPoolTaskExecutor  : Initializing ExecutorService 'applicationTaskExecutor'
2019-04-28 00:15:37.400  INFO 987 --- [restartedMain] o.s.b.d.a.OptionalLiveReloadServer       : LiveReload server is running on port 35729
2019-04-28 00:15:37.410  INFO 987 --- [restartedMain] o.s.b.w.embedded.tomcat.TomcatWebServer  : Tomcat started on port(s): 8081 (http) with context path ''
2019-04-28 00:15:37.410  INFO 987 --- [restartedMain] azstudio.top.Application                 : Started Application in 0.293 seconds (JVM running for 6799.008)
2019-04-28 00:15:37.412  INFO 987 --- [restartedMain] .ConditionEvaluationDeltaLoggingListener : Condition evaluation unchanged
2019-04-28 00:15:40.104  INFO 987 --- [http-nio-8081-exec-2] o.a.c.c.C.[Tomcat-7].[localhost].[/]     : Initializing Spring DispatcherServlet 'dispatcherServlet'
2019-04-28 00:15:40.105  INFO 987 --- [http-nio-8081-exec-2] o.s.web.servlet.DispatcherServlet        : Initializing Servlet 'dispatcherServlet'
2019-04-28 00:15:40.107  INFO 987 --- [http-nio-8081-exec-2] o.s.web.servlet.DispatcherServlet        : Completed initialization in 2 ms
2019-04-28 00:16:42.316  INFO 987 --- [Thread-291] o.s.s.concurrent.ThreadPoolTaskExecutor  : Shutting down ExecutorService 'applicationTaskExecutor'
2019-04-28 00:16:42.337  INFO 987 --- [Thread-291] com.alibaba.druid.pool.DruidDataSource   : {dataSource-46} closed
2019-04-28 00:16:42.653  INFO 987 --- [restartedMain] azstudio.top.Application                 : Starting Application on lizhenyudeMacBook-Pro.local with PID 987 (/Users/lizhenyu/work_code/idea_code/SimpleTask/target/classes started by lizhenyu in /Users/lizhenyu/work_code/idea_code/SimpleTask)
2019-04-28 00:16:42.654  INFO 987 --- [restartedMain] azstudio.top.Application                 : No active profile set, falling back to default profiles: default
2019-04-28 00:16:43.062  INFO 987 --- [restartedMain] o.s.b.w.embedded.tomcat.TomcatWebServer  : Tomcat initialized with port(s): 8081 (http)
2019-04-28 00:16:43.063  INFO 987 --- [restartedMain] o.apache.catalina.core.StandardService   : Starting service [Tomcat]
2019-04-28 00:16:43.064  INFO 987 --- [restartedMain] org.apache.catalina.core.StandardEngine  : Starting Servlet Engine: Apache Tomcat/9.0.13
2019-04-28 00:16:43.075  INFO 987 --- [restartedMain] o.a.c.c.C.[Tomcat-7].[localhost].[/]     : Initializing Spring embedded WebApplicationContext
2019-04-28 00:16:43.075  INFO 987 --- [restartedMain] o.s.web.context.ContextLoader            : Root WebApplicationContext: initialization completed in 418 ms
2019-04-28 00:16:43.098  INFO 987 --- [restartedMain] o.s.boot.web.servlet.RegistrationBean    : Servlet statViewServlet was not registered (possibly already registered?)
2019-04-28 00:16:43.098  INFO 987 --- [restartedMain] o.s.boot.web.servlet.RegistrationBean    : Filter webStatFilter was not registered (possibly already registered?)
2019-04-28 00:16:43.165  INFO 987 --- [restartedMain] com.alibaba.druid.pool.DruidDataSource   : {dataSource-47} inited
2019-04-28 00:16:43.242  INFO 987 --- [restartedMain] o.s.s.concurrent.ThreadPoolTaskExecutor  : Initializing ExecutorService 'applicationTaskExecutor'
2019-04-28 00:16:43.308  INFO 987 --- [restartedMain] o.s.b.d.a.OptionalLiveReloadServer       : LiveReload server is running on port 35729
2019-04-28 00:16:43.331  INFO 987 --- [restartedMain] o.s.b.w.embedded.tomcat.TomcatWebServer  : Tomcat started on port(s): 8081 (http) with context path ''
2019-04-28 00:16:43.331  INFO 987 --- [restartedMain] azstudio.top.Application                 : Started Application in 0.71 seconds (JVM running for 6864.928)
2019-04-28 00:16:43.334  INFO 987 --- [restartedMain] .ConditionEvaluationDeltaLoggingListener : Condition evaluation unchanged
2019-04-28 00:17:03.671  INFO 987 --- [Thread-297] o.s.s.concurrent.ThreadPoolTaskExecutor  : Shutting down ExecutorService 'applicationTaskExecutor'
2019-04-28 00:17:03.676  INFO 987 --- [Thread-297] com.alibaba.druid.pool.DruidDataSource   : {dataSource-47} closed
2019-04-28 00:17:03.922  INFO 987 --- [restartedMain] azstudio.top.Application                 : Starting Application on lizhenyudeMacBook-Pro.local with PID 987 (/Users/lizhenyu/work_code/idea_code/SimpleTask/target/classes started by lizhenyu in /Users/lizhenyu/work_code/idea_code/SimpleTask)
2019-04-28 00:17:03.922  INFO 987 --- [restartedMain] azstudio.top.Application                 : No active profile set, falling back to default profiles: default
2019-04-28 00:17:04.252  INFO 987 --- [restartedMain] o.s.b.w.embedded.tomcat.TomcatWebServer  : Tomcat initialized with port(s): 8081 (http)
2019-04-28 00:17:04.253  INFO 987 --- [restartedMain] o.apache.catalina.core.StandardService   : Starting service [Tomcat]
2019-04-28 00:17:04.254  INFO 987 --- [restartedMain] org.apache.catalina.core.StandardEngine  : Starting Servlet Engine: Apache Tomcat/9.0.13
2019-04-28 00:17:04.265  INFO 987 --- [restartedMain] o.a.c.c.C.[Tomcat-7].[localhost].[/]     : Initializing Spring embedded WebApplicationContext
2019-04-28 00:17:04.265  INFO 987 --- [restartedMain] o.s.web.context.ContextLoader            : Root WebApplicationContext: initialization completed in 340 ms
2019-04-28 00:17:04.291  INFO 987 --- [restartedMain] o.s.boot.web.servlet.RegistrationBean    : Servlet statViewServlet was not registered (possibly already registered?)
2019-04-28 00:17:04.292  INFO 987 --- [restartedMain] o.s.boot.web.servlet.RegistrationBean    : Filter webStatFilter was not registered (possibly already registered?)
2019-04-28 00:17:04.348  INFO 987 --- [restartedMain] com.alibaba.druid.pool.DruidDataSource   : {dataSource-48} inited
2019-04-28 00:17:04.435  INFO 987 --- [restartedMain] o.s.s.concurrent.ThreadPoolTaskExecutor  : Initializing ExecutorService 'applicationTaskExecutor'
2019-04-28 00:17:04.514  INFO 987 --- [restartedMain] o.s.b.d.a.OptionalLiveReloadServer       : LiveReload server is running on port 35729
2019-04-28 00:17:04.535  INFO 987 --- [restartedMain] o.s.b.w.embedded.tomcat.TomcatWebServer  : Tomcat started on port(s): 8081 (http) with context path ''
2019-04-28 00:17:04.536  INFO 987 --- [restartedMain] azstudio.top.Application                 : Started Application in 0.639 seconds (JVM running for 6886.132)
2019-04-28 00:17:04.538  INFO 987 --- [restartedMain] .ConditionEvaluationDeltaLoggingListener : Condition evaluation unchanged
2019-04-28 00:17:08.389  INFO 987 --- [http-nio-8081-exec-4] o.a.c.c.C.[Tomcat-7].[localhost].[/]     : Initializing Spring DispatcherServlet 'dispatcherServlet'
2019-04-28 00:17:08.390  INFO 987 --- [http-nio-8081-exec-4] o.s.web.servlet.DispatcherServlet        : Initializing Servlet 'dispatcherServlet'
2019-04-28 00:17:08.394  INFO 987 --- [http-nio-8081-exec-4] o.s.web.servlet.DispatcherServlet        : Completed initialization in 4 ms
2019-04-28 00:17:34.103  INFO 987 --- [Thread-303] o.s.s.concurrent.ThreadPoolTaskExecutor  : Shutting down ExecutorService 'applicationTaskExecutor'
2019-04-28 00:17:34.107  INFO 987 --- [Thread-303] com.alibaba.druid.pool.DruidDataSource   : {dataSource-48} closed
2019-04-28 00:17:34.383  INFO 987 --- [restartedMain] azstudio.top.Application                 : Starting Application on lizhenyudeMacBook-Pro.local with PID 987 (/Users/lizhenyu/work_code/idea_code/SimpleTask/target/classes started by lizhenyu in /Users/lizhenyu/work_code/idea_code/SimpleTask)
2019-04-28 00:17:34.383  INFO 987 --- [restartedMain] azstudio.top.Application                 : No active profile set, falling back to default profiles: default
2019-04-28 00:17:34.704  INFO 987 --- [restartedMain] o.s.b.w.embedded.tomcat.TomcatWebServer  : Tomcat initialized with port(s): 8081 (http)
2019-04-28 00:17:34.706  INFO 987 --- [restartedMain] o.apache.catalina.core.StandardService   : Starting service [Tomcat]
2019-04-28 00:17:34.706  INFO 987 --- [restartedMain] org.apache.catalina.core.StandardEngine  : Starting Servlet Engine: Apache Tomcat/9.0.13
2019-04-28 00:17:34.716  INFO 987 --- [restartedMain] o.a.c.c.C.[Tomcat-7].[localhost].[/]     : Initializing Spring embedded WebApplicationContext
2019-04-28 00:17:34.717  INFO 987 --- [restartedMain] o.s.web.context.ContextLoader            : Root WebApplicationContext: initialization completed in 331 ms
2019-04-28 00:17:34.738  INFO 987 --- [restartedMain] o.s.boot.web.servlet.RegistrationBean    : Servlet statViewServlet was not registered (possibly already registered?)
2019-04-28 00:17:34.738  INFO 987 --- [restartedMain] o.s.boot.web.servlet.RegistrationBean    : Filter webStatFilter was not registered (possibly already registered?)
2019-04-28 00:17:34.752  WARN 987 --- [restartedMain] ConfigServletWebServerApplicationContext : Exception encountered during context initialization - cancelling refresh attempt: org.springframework.beans.factory.UnsatisfiedDependencyException: Error creating bean with name 'userController': Unsatisfied dependency expressed through field 'userService'; nested exception is org.springframework.beans.factory.NoSuchBeanDefinitionException: No qualifying bean of type 'azstudio.top.Service.UserServiceImpl' available: expected at least 1 bean which qualifies as autowire candidate. Dependency annotations: {@org.springframework.beans.factory.annotation.Autowired(required=true)}
2019-04-28 00:17:34.753  INFO 987 --- [restartedMain] o.apache.catalina.core.StandardService   : Stopping service [Tomcat]
2019-04-28 00:17:34.774  INFO 987 --- [restartedMain] ConditionEvaluationReportLoggingListener : 

Error starting ApplicationContext. To display the conditions report re-run your application with 'debug' enabled.
2019-04-28 00:17:35.058 ERROR 987 --- [restartedMain] o.s.b.d.LoggingFailureAnalysisReporter   : 

***************************
APPLICATION FAILED TO START
***************************

Description:

Field userService in azstudio.top.controller.UserController required a bean of type 'azstudio.top.Service.UserServiceImpl' that could not be found.

The injection point has the following annotations:
	- @org.springframework.beans.factory.annotation.Autowired(required=true)


Action:

Consider defining a bean of type 'azstudio.top.Service.UserServiceImpl' in your configuration.

2019-04-28 00:17:53.291  INFO 1346 --- [restartedMain] azstudio.top.Application                 : Starting Application on lizhenyudeMacBook-Pro.local with PID 1346 (/Users/lizhenyu/work_code/idea_code/SimpleTask/target/classes started by lizhenyu in /Users/lizhenyu/work_code/idea_code/SimpleTask)
2019-04-28 00:17:53.297  INFO 1346 --- [restartedMain] azstudio.top.Application                 : No active profile set, falling back to default profiles: default
2019-04-28 00:17:53.409  INFO 1346 --- [restartedMain] .e.DevToolsPropertyDefaultsPostProcessor : Devtools property defaults active! Set 'spring.devtools.add-properties' to 'false' to disable
2019-04-28 00:17:53.409  INFO 1346 --- [restartedMain] .e.DevToolsPropertyDefaultsPostProcessor : For additional web related logging consider setting the 'logging.level.web' property to 'DEBUG'
2019-04-28 00:17:56.151  INFO 1346 --- [restartedMain] o.s.b.w.embedded.tomcat.TomcatWebServer  : Tomcat initialized with port(s): 8081 (http)
2019-04-28 00:17:56.196  INFO 1346 --- [restartedMain] o.apache.catalina.core.StandardService   : Starting service [Tomcat]
2019-04-28 00:17:56.197  INFO 1346 --- [restartedMain] org.apache.catalina.core.StandardEngine  : Starting Servlet Engine: Apache Tomcat/9.0.13
2019-04-28 00:17:56.216  INFO 1346 --- [restartedMain] o.a.catalina.core.AprLifecycleListener   : The APR based Apache Tomcat Native library which allows optimal performance in production environments was not found on the java.library.path: [/Users/lizhenyu/Library/Java/Extensions:/Library/Java/Extensions:/Network/Library/Java/Extensions:/System/Library/Java/Extensions:/usr/lib/java:.]
2019-04-28 00:17:56.469  INFO 1346 --- [restartedMain] o.a.c.c.C.[Tomcat].[localhost].[/]       : Initializing Spring embedded WebApplicationContext
2019-04-28 00:17:56.475  INFO 1346 --- [restartedMain] o.s.web.context.ContextLoader            : Root WebApplicationContext: initialization completed in 3065 ms
2019-04-28 00:17:56.574  INFO 1346 --- [restartedMain] o.s.boot.web.servlet.RegistrationBean    : Servlet statViewServlet was not registered (possibly already registered?)
2019-04-28 00:17:56.585  INFO 1346 --- [restartedMain] o.s.boot.web.servlet.RegistrationBean    : Filter webStatFilter was not registered (possibly already registered?)
2019-04-28 00:17:57.273  INFO 1346 --- [restartedMain] com.alibaba.druid.pool.DruidDataSource   : {dataSource-1} inited
2019-04-28 00:17:57.740  INFO 1346 --- [restartedMain] o.s.s.concurrent.ThreadPoolTaskExecutor  : Initializing ExecutorService 'applicationTaskExecutor'
2019-04-28 00:17:58.290  INFO 1346 --- [restartedMain] o.s.b.d.a.OptionalLiveReloadServer       : LiveReload server is running on port 35729
2019-04-28 00:17:58.452  INFO 1346 --- [restartedMain] o.s.b.w.embedded.tomcat.TomcatWebServer  : Tomcat started on port(s): 8081 (http) with context path ''
2019-04-28 00:17:58.459  INFO 1346 --- [restartedMain] azstudio.top.Application                 : Started Application in 6.046 seconds (JVM running for 6.943)
2019-04-28 00:18:03.658  INFO 1346 --- [http-nio-8081-exec-4] o.a.c.c.C.[Tomcat].[localhost].[/]       : Initializing Spring DispatcherServlet 'dispatcherServlet'
2019-04-28 00:18:03.659  INFO 1346 --- [http-nio-8081-exec-4] o.s.web.servlet.DispatcherServlet        : Initializing Servlet 'dispatcherServlet'
2019-04-28 00:18:03.676  INFO 1346 --- [http-nio-8081-exec-4] o.s.web.servlet.DispatcherServlet        : Completed initialization in 17 ms
2019-04-28 00:18:58.166  INFO 1346 --- [Thread-9] o.s.s.concurrent.ThreadPoolTaskExecutor  : Shutting down ExecutorService 'applicationTaskExecutor'
2019-04-28 00:18:58.178  INFO 1346 --- [Thread-9] com.alibaba.druid.pool.DruidDataSource   : {dataSource-1} closed
